This is pdfTeX, Version 3.141592653-2.6-1.40.22 (TeX Live 2022/dev/Debian) (preloaded format=pdflatex 2024.3.14)  22 MAR 2024 10:46
entering extended mode
 restricted \write18 enabled.
 file:line:error style messages enabled.
 %&-line parsing enabled.
**/home/mattia/university/basiDiDati/PokemonCrocoite/documentation/documentation.tex
(/home/mattia/university/basiDiDati/PokemonCrocoite/documentation/documentation.tex
LaTeX2e <2021-11-15> patch level 1
L3 programming layer <2022-01-21> (/usr/share/texlive/texmf-dist/tex/latex/base/article.cls
Document Class: article 2021/10/04 v1.4n Standard LaTeX document class
(/usr/share/texlive/texmf-dist/tex/latex/base/size10.clo
File: size10.clo 2021/10/04 v1.4n Standard LaTeX file (size option)
)
\c@part=\count185
\c@section=\count186
\c@subsection=\count187
\c@subsubsection=\count188
\c@paragraph=\count189
\c@subparagraph=\count190
\c@figure=\count191
\c@table=\count192
\abovecaptionskip=\skip47
\belowcaptionskip=\skip48
\bibindent=\dimen138
) (/usr/share/texlive/texmf-dist/tex/latex/l3backend/l3backend-pdftex.def
File: l3backend-pdftex.def 2022-01-12 L3 backend support: PDF output (pdfTeX)
\l__color_backend_stack_int=\count193
\l__pdf_internal_box=\box50
) (./documentation.aux)
\openout1 = `documentation.aux'.

LaTeX Font Info:    Checking defaults for OML/cmm/m/it on input line 8.
LaTeX Font Info:    ... okay on input line 8.
LaTeX Font Info:    Checking defaults for OMS/cmsy/m/n on input line 8.
LaTeX Font Info:    ... okay on input line 8.
LaTeX Font Info:    Checking defaults for OT1/cmr/m/n on input line 8.
LaTeX Font Info:    ... okay on input line 8.
LaTeX Font Info:    Checking defaults for T1/cmr/m/n on input line 8.
LaTeX Font Info:    ... okay on input line 8.
LaTeX Font Info:    Checking defaults for TS1/cmr/m/n on input line 8.
LaTeX Font Info:    ... okay on input line 8.
LaTeX Font Info:    Checking defaults for OMX/cmex/m/n on input line 8.
LaTeX Font Info:    ... okay on input line 8.
LaTeX Font Info:    Checking defaults for U/cmr/m/n on input line 8.
LaTeX Font Info:    ... okay on input line 8.
LaTeX Font Info:    External font `cmex10' loaded for size
(Font)              <12> on input line 10.
LaTeX Font Info:    External font `cmex10' loaded for size
(Font)              <8> on input line 10.
LaTeX Font Info:    External font `cmex10' loaded for size
(Font)              <6> on input line 10.
 (./documentation.toc
LaTeX Font Info:    External font `cmex10' loaded for size
(Font)              <7> on input line 2.
LaTeX Font Info:    External font `cmex10' loaded for size
(Font)              <5> on input line 2.
)
\tf@toc=\write3
\openout3 = `documentation.toc'.

 [1

{/var/lib/texmf/fonts/map/pdftex/updmap/pdftex.map}] [2] [3]
Underfull \hbox (badness 2181) in paragraph at lines 88--89
[]\OT1/cmr/m/n/10 Sono tutti gli stru-menti che al-ter-ano la
 []


Underfull \hbox (badness 1571) in paragraph at lines 89--90
[]\OT1/cmr/m/n/10 Strumenti che ser-vono per in-seg-nare una
 []


Underfull \hbox (badness 2253) in paragraph at lines 98--99
\OT1/cmr/m/n/10 ca-tore di vedere quali pok^^Semon ha cat-
 []


Underfull \hbox (badness 1019) in paragraph at lines 108--109
[]\OT1/cmr/m/n/10 L'attributo di un es-em-plare pok^^Semon che
 []


Overfull \hbox (26.05847pt too wide) in paragraph at lines 78--111
 [][] 
 []


LaTeX Warning: Float too large for page by 144.56111pt on input line 112.


Overfull \hbox (6.6118pt too wide) in paragraph at lines 117--118
\OT1/cmr/m/n/10 Visualizzare, ag-giun-gere, mod-i-fi-care, elim-inare qual-si-asi en-tit^^Ra di qual-si-asi tabella. 
 []

[4] [5]
Overfull \hbox (2.11801pt too wide) in paragraph at lines 148--149
[]\OT1/cmr/bx/n/10 Tabella MNMT\OT1/cmr/m/n/10 : Rap-p-re-senta gli stru-menti uti-liz-zati per in-seg-nare mosse
 []

[6]
Overfull \hbox (3.23564pt too wide) in paragraph at lines 163--164
[]\OT1/cmr/bx/n/10 Tabella zain-oS-tru-men-tiVita\OT1/cmr/m/n/10 : Mem-o-rizza gli stru-menti per la vita posse-
 []

[7] [8] [9] [10] (./documentation.aux) ) 
Here is how much of TeX's memory you used:
 447 strings out of 480247
 8199 string characters out of 5896151
 311524 words of memory out of 5000000
 18457 multiletter control sequences out of 15000+600000
 473849 words of font info for 43 fonts, out of 8000000 for 9000
 14 hyphenation exceptions out of 8191
 34i,11n,38p,743b,221s stack positions out of 5000i,500n,10000p,200000b,80000s
 </home/mattia/.texlive2021/texmf-var/fonts/pk/ljfour/jknappen/ec/tcrm1000.600pk></usr/share/texlive/texmf-dist/fonts/type1/public/amsfonts/cm/cmbx10.pfb></usr/share/texlive/texmf-dist/fonts/type1/public/amsfonts/cm/cmbx12.pfb></usr/share/texlive/texmf-dist/fonts/type1/public/amsfonts/cm/cmr10.pfb></usr/share/texlive/texmf-dist/fonts/type1/public/amsfonts/cm/cmr12.pfb></usr/share/texlive/texmf-dist/fonts/type1/public/amsfonts/cm/cmr17.pfb>
Output written on documentation.pdf (10 pages, 105624 bytes).
PDF statistics:
 67 PDF objects out of 1000 (max. 8388607)
 43 compressed objects within 1 object stream
 0 named destinations out of 1000 (max. 500000)
 1 words of extra memory for PDF output out of 10000 (max. 10000000)

